<?xml version="1.0" encoding="UTF-8"?>
<!-- Generated by org.testng.reporters.JUnitReportReporter -->
<testsuite hostname="Tanmay-PC" failures="0" tests="1" name="automationdemo.TestCase.RegisterPageTest" time="13.487" errors="0" timestamp="2022-04-03T19:01:26 IST" skipped="0">
  <testcase classname="automationdemo.TestCase.RegisterPageTest" name="registerpage" time="13.487"/>
  <system-out/>
</testsuite> <!-- automationdemo.TestCase.RegisterPageTest -->
