<?xml version="1.0" encoding="UTF-8"?>
<!-- Generated by org.testng.reporters.JUnitReportReporter -->
<testsuite hostname="Tanmay-PC" failures="0" tests="1" name="automationdemo.TestCase.SwitchToPageTest" time="5.645" errors="0" timestamp="2022-03-11T19:19:27 IST" skipped="0">
  <testcase classname="automationdemo.TestCase.SwitchToPageTest" name="switchtopage" time="5.645"/>
  <system-out/>
</testsuite> <!-- automationdemo.TestCase.SwitchToPageTest -->
